Started by user [8mha:////4H8fZi4xgCcoz4MUwlkC+M9QVHYqvC8YGwJgLLNhfFWEAAAAlx+LCAAAAAAAAP9b85aBtbiIQTGjNKU4P08vOT+vOD8nVc83PyU1x6OyILUoJzMv2y+/JJUBAhiZGBgqihhk0NSjKDWzXb3RdlLBUSYGJk8GtpzUvPSSDB8G5tKinBIGIZ+sxLJE/ZzEvHT94JKizLx0a6BxUmjGOUNodHsLgAzWEgZu/dLi1CL9xJTczDwAj6GcLcAAAAA=[0mNazar
Running as SYSTEM
Building in workspace /var/jenkins_home/workspace/Job1
[Job1] $ /bin/sh -xe /tmp/jenkins11394738957866693898.sh
+ docker ps -a
CONTAINER ID   IMAGE                                       COMMAND                  CREATED          STATUS                      PORTS                                              NAMES
f6bcdad08193   app-tests1                                  "/usr/local/bin/mvn-â€¦"   8 minutes ago    Exited (0) 7 minutes ago                                                       app-tests1-1
0df8968c4eca   ff6487dd7871                                "/usr/bin/tini -- /uâ€¦"   15 minutes ago   Up 15 minutes               0.0.0.0:8080->8080/tcp, 0.0.0.0:50000->50000/tcp   jenkins
d77e2e7cef86   frankescobar/allure-docker-service:latest   "sh -c 'allure generâ€¦"   15 minutes ago   Up 15 minutes (unhealthy)   4040/tcp, 172.24.48.1:5050->5050/tcp               autotest_v1-allure-1
25687a153333   ecc26595f723                                "/usr/local/bin/mvn-â€¦"   15 minutes ago   Created                                                                        autotest_v1-tests1-1
acacb04884aa   selenium/standalone-chrome:latest           "/opt/bin/entry_poinâ€¦"   4 hours ago      Up 4 hours                  5900/tcp, 9000/tcp, 0.0.0.0:4441->4444/tcp         app-chrome1-1
b66d7705837a   selenium/standalone-chrome:latest           "/opt/bin/entry_poinâ€¦"   23 hours ago     Exited (143) 4 hours ago                                                       autotest_v1-chrome1-1
5bf6725b49f4   selenium/standalone-chrome:latest           "/opt/bin/entry_poinâ€¦"   25 hours ago     Exited (137) 25 hours ago                                                      autotest_v1-chrome-1
[Job1] $ /var/jenkins_home/tools/ru.yandex.qatools.allure.jenkins.tools.AllureCommandlineInstallation/allure/bin/allure generate -c -o /var/jenkins_home/workspace/Job1/allure-report
allure-results does not exist
Report successfully generated to /var/jenkins_home/workspace/Job1/allure-report
Allure report was successfully generated.
Creating artifact for the build.
Artifact was added to the build.
Recording test results
ERROR: Step â€˜Publish JUnit test result reportâ€™ aborted due to exception: 
org.xml.sax.SAXParseException; lineNumber: 1; columnNumber: 1; Content is not allowed in prolog.
	at java.xml/com.sun.org.apache.xerces.internal.util.ErrorHandlerWrapper.createSAXParseException(Unknown Source)
	at java.xml/com.sun.org.apache.xerces.internal.util.ErrorHandlerWrapper.fatalError(Unknown Source)
	at java.xml/com.sun.org.apache.xerces.internal.impl.XMLErrorReporter.reportError(Unknown Source)
	at java.xml/com.sun.org.apache.xerces.internal.impl.XMLErrorReporter.reportError(Unknown Source)
	at java.xml/com.sun.org.apache.xerces.internal.impl.XMLScanner.reportFatalError(Unknown Source)
	at java.xml/com.sun.org.apache.xerces.internal.impl.XMLDocumentScannerImpl$PrologDriver.next(Unknown Source)
	at java.xml/com.sun.org.apache.xerces.internal.impl.XMLDocumentScannerImpl.next(Unknown Source)
	at java.xml/com.sun.org.apache.xerces.internal.impl.XMLNSDocumentScannerImpl.next(Unknown Source)
	at java.xml/com.sun.org.apache.xerces.internal.impl.XMLDocumentFragmentScannerImpl.scanDocument(Unknown Source)
	at java.xml/com.sun.org.apache.xerces.internal.parsers.XML11Configuration.parse(Unknown Source)
	at java.xml/com.sun.org.apache.xerces.internal.parsers.XML11Configuration.parse(Unknown Source)
	at java.xml/com.sun.org.apache.xerces.internal.parsers.XMLParser.parse(Unknown Source)
	at java.xml/com.sun.org.apache.xerces.internal.parsers.AbstractSAXParser.parse(Unknown Source)
	at java.xml/com.sun.org.apache.xerces.internal.jaxp.SAXParserImpl$JAXPSAXParser.parse(Unknown Source)
	at org.dom4j.io.SAXReader.read(SAXReader.java:494)
Caused: org.dom4j.DocumentException: Error on line 1 of document  : Content is not allowed in prolog.
	at org.dom4j.io.SAXReader.read(SAXReader.java:511)
	at org.dom4j.io.SAXReader.read(SAXReader.java:392)
	at PluginClassLoader for junit//hudson.tasks.junit.SuiteResult.parse(SuiteResult.java:366)
	at PluginClassLoader for junit//hudson.tasks.junit.TestResult.parse(TestResult.java:604)
Caused: java.io.IOException: Failed to read /var/jenkins_home/workspace/Job1/allure-report/app.js
Is this really a JUnit report file? Your configuration must be matching too many files
	at PluginClassLoader for junit//hudson.tasks.junit.TestResult.parse(TestResult.java:618)
	at PluginClassLoader for junit//hudson.tasks.junit.TestResult.parsePossiblyEmpty(TestResult.java:518)
	at PluginClassLoader for junit//hudson.tasks.junit.TestResult.parse(TestResult.java:454)
	at PluginClassLoader for junit//hudson.tasks.junit.TestResult.parse(TestResult.java:436)
	at PluginClassLoader for junit//hudson.tasks.junit.TestResult.parse(TestResult.java:413)
	at PluginClassLoader for junit//hudson.tasks.junit.TestResult.<init>(TestResult.java:259)
	at PluginClassLoader for junit//hudson.tasks.junit.JUnitParser$ParseResultCallable.invoke(JUnitParser.java:238)
	at hudson.FilePath.act(FilePath.java:1213)
	at hudson.FilePath.act(FilePath.java:1196)
	at PluginClassLoader for junit//hudson.tasks.junit.JUnitParser.parseResult(JUnitParser.java:146)
	at PluginClassLoader for junit//hudson.tasks.junit.JUnitResultArchiver.parse(JUnitResultArchiver.java:177)
	at PluginClassLoader for junit//hudson.tasks.junit.JUnitResultArchiver.parseAndSummarize(JUnitResultArchiver.java:282)
	at PluginClassLoader for junit//hudson.tasks.junit.JUnitResultArchiver.perform(JUnitResultArchiver.java:194)
	at jenkins.tasks.SimpleBuildStep.perform(SimpleBuildStep.java:123)
	at hudson.tasks.BuildStepCompatibilityLayer.perform(BuildStepCompatibilityLayer.java:80)
	at hudson.tasks.BuildStepMonitor$1.perform(BuildStepMonitor.java:20)
	at hudson.model.AbstractBuild$AbstractBuildExecution.perform(AbstractBuild.java:818)
	at hudson.model.AbstractBuild$AbstractBuildExecution.performAllBuildSteps(AbstractBuild.java:767)
	at hudson.model.Build$BuildExecution.post2(Build.java:179)
	at hudson.model.AbstractBuild$AbstractBuildExecution.post(AbstractBuild.java:711)
	at hudson.model.Run.execute(Run.java:1856)
	at hudson.model.FreeStyleBuild.run(FreeStyleBuild.java:44)
	at hudson.model.ResourceController.execute(ResourceController.java:101)
	at hudson.model.Executor.run(Executor.java:446)
Finished: FAILURE
